0 info it worked if it ends with ok
1 verbose cli [ '/usr/local/Cellar/node/4.2.1/bin/node',
1 verbose cli   '/usr/local/bin/npm',
1 verbose cli   'install',
1 verbose cli   'lein' ]
2 info using npm@2.14.7
3 info using node@v4.2.1
4 verbose install initial load of /Users/granteverett/Documents/Projects/party-planner/package.json
5 warn package.json lego-winners-2015@1.0.0 No README data
6 verbose installManyTop reading scoped package data from /Users/granteverett/Documents/Projects/party-planner/node_modules/lien/package.json
7 verbose installManyTop reading scoped package data from /Users/granteverett/Documents/Projects/party-planner/node_modules/line/package.json
8 info package.json line@0.1.8 'repositories' (plural) Not supported. Please pick one as the 'repository' field
9 info package.json line@0.1.8 No license field.
10 info package.json lien@0.0.13 license should be a valid SPDX license expression
11 verbose readDependencies loading dependencies from /Users/granteverett/Documents/Projects/party-planner/package.json
12 silly cache add args [ 'lein', null ]
13 verbose cache add spec lein
14 silly cache add parsed spec Result {
14 silly cache add   raw: 'lein',
14 silly cache add   scope: null,
14 silly cache add   name: 'lein',
14 silly cache add   rawSpec: '',
14 silly cache add   spec: '*',
14 silly cache add   type: 'range' }
15 silly addNamed lein@*
16 verbose addNamed "*" is a valid semver range for lein
17 silly addNameRange { name: 'lein', range: '*', hasData: false }
18 silly mapToRegistry name lein
19 silly mapToRegistry using default registry
20 silly mapToRegistry registry https://registry.npmjs.org/
21 silly mapToRegistry uri https://registry.npmjs.org/lein
22 verbose addNameRange registry:https://registry.npmjs.org/lein not in flight; fetching
23 verbose request uri https://registry.npmjs.org/lein
24 verbose request no auth needed
25 info attempt registry request try #1 at 4:05:52 PM
26 verbose request id a93779be149c8ea7
27 http request GET https://registry.npmjs.org/lein
28 http 404 https://registry.npmjs.org/lein
29 verbose headers { 'content-type': 'application/json',
29 verbose headers   'cache-control': 'max-age=0',
29 verbose headers   'content-length': '2',
29 verbose headers   'accept-ranges': 'bytes',
29 verbose headers   date: 'Tue, 20 Oct 2015 21:05:54 GMT',
29 verbose headers   via: '1.1 varnish',
29 verbose headers   age: '0',
29 verbose headers   connection: 'keep-alive',
29 verbose headers   'x-served-by': 'cache-dfw1831-DFW',
29 verbose headers   'x-cache': 'MISS',
29 verbose headers   'x-cache-hits': '0',
29 verbose headers   'x-timer': 'S1445375154.156782,VS0,VE49' }
30 silly get cb [ 404,
30 silly get   { 'content-type': 'application/json',
30 silly get     'cache-control': 'max-age=0',
30 silly get     'content-length': '2',
30 silly get     'accept-ranges': 'bytes',
30 silly get     date: 'Tue, 20 Oct 2015 21:05:54 GMT',
30 silly get     via: '1.1 varnish',
30 silly get     age: '0',
30 silly get     connection: 'keep-alive',
30 silly get     'x-served-by': 'cache-dfw1831-DFW',
30 silly get     'x-cache': 'MISS',
30 silly get     'x-cache-hits': '0',
30 silly get     'x-timer': 'S1445375154.156782,VS0,VE49' } ]
31 verbose stack Error: Registry returned 404 for GET on https://registry.npmjs.org/lein
31 verbose stack     at makeError (/usr/local/lib/node_modules/npm/node_modules/npm-registry-client/lib/request.js:264:12)
31 verbose stack     at CachingRegistryClient.<anonymous> (/usr/local/lib/node_modules/npm/node_modules/npm-registry-client/lib/request.js:242:14)
31 verbose stack     at Request._callback (/usr/local/lib/node_modules/npm/node_modules/npm-registry-client/lib/request.js:172:14)
31 verbose stack     at Request.self.callback (/usr/local/lib/node_modules/npm/node_modules/request/request.js:198:22)
31 verbose stack     at emitTwo (events.js:87:13)
31 verbose stack     at Request.emit (events.js:172:7)
31 verbose stack     at Request.<anonymous> (/usr/local/lib/node_modules/npm/node_modules/request/request.js:1063:14)
31 verbose stack     at emitOne (events.js:82:20)
31 verbose stack     at Request.emit (events.js:169:7)
31 verbose stack     at IncomingMessage.<anonymous> (/usr/local/lib/node_modules/npm/node_modules/request/request.js:1009:12)
32 verbose statusCode 404
33 verbose pkgid lein
34 verbose cwd /Users/granteverett/Documents/Projects/party-planner
35 error Darwin 14.3.0
36 error argv "/usr/local/Cellar/node/4.2.1/bin/node" "/usr/local/bin/npm" "install" "lein"
37 error node v4.2.1
38 error npm  v2.14.7
39 error code E404
40 error 404 Registry returned 404 for GET on https://registry.npmjs.org/lein
40 error 404
40 error 404 'lein' is not in the npm registry.
40 error 404 You should bug the author to publish it (or use the name yourself!)
40 error 404 It was specified as a dependency of 'lego-winners-2015'
40 error 404
40 error 404 Note that you can also install from a
40 error 404 tarball, folder, http url, or git url.
41 verbose exit [ 1, true ]
